#
# There is insufficient memory for the Java Runtime Environment to continue.
# Native memory allocation (malloc) failed to allocate 1763696 bytes for Chunk::new
# Possible reasons:
#   The system is out of physical RAM or swap space
#   In 32 bit mode, the process size limit was hit
# Possible solutions:
#   Reduce memory load on the system
#   Increase physical memory or swap space
#   Check if swap backing store is full
#   Use 64 bit Java on a 64 bit OS
#   Decrease Java heap size (-Xmx/-Xms)
#   Decrease number of Java threads
#   Decrease Java thread stack sizes (-Xss)
#   Set larger code cache with -XX:ReservedCodeCacheSize=
# This output file may be truncated or incomplete.
#
#  Out of Memory Error (allocation.cpp:390), pid=12848, tid=0x00000000000010c8
#
# JRE version: Java(TM) SE Runtime Environment (8.0_131-b11) (build 1.8.0_131-b11)
# Java VM: Java HotSpot(TM) 64-Bit Server VM (25.131-b11 mixed mode windows-amd64 compressed oops)
# Failed to write core dump. Minidumps are not enabled by default on client versions of Windows
#

---------------  T H R E A D  ---------------

Current thread (0x000000001635e000):  JavaThread "C2 CompilerThread0" daemon [_thread_in_native, id=4296, stack(0x00000000179b0000,0x0000000017ab0000)]

Stack: [0x00000000179b0000,0x0000000017ab0000]
[error occurred during error reporting (printing stack bounds), id 0xc0000005]

Native frames: (J=compiled Java code, j=interpreted, Vv=VM code, C=native code)


Current CompileTask:
C2:40140382 47140       4       com.android.tools.r8.ir.conversion.I::a (945 bytes)


---------------  P R O C E S S  ---------------

Java Threads: ( => current thread )
  0x000000002066e000 JavaThread "WorkerExecutor Queue Thread 4" [_thread_blocked, id=14188, stack(0x000000002f1d0000,0x000000002f2d0000)]
  0x0000000020674000 JavaThread "WorkerExecutor Queue Thread 3" [_thread_blocked, id=9492, stack(0x000000002f0d0000,0x000000002f1d0000)]
  0x000000002066c800 JavaThread "Cache worker for Java compile cache (D:\Documents\Projects\FileTransfer\.gradle\5.4.1\javaCompile)" [_thread_blocked, id=15592, stack(0x000000002ed80000,0x000000002ee80000)]
  0x0000000020673800 JavaThread "WorkerExecutor Queue Thread 2" [_thread_in_native, id=7532, stack(0x000000002eb50000,0x000000002ec50000)]
  0x000000002066c000 JavaThread "stdout" [_thread_in_native, id=17208, stack(0x000000002e8d0000,0x000000002e9d0000)]
  0x0000000020672000 JavaThread "stderr" [_thread_in_native, id=12940, stack(0x000000002e7d0000,0x000000002e8d0000)]
  0x000000002aac9800 JavaThread "pool-185-thread-1" [_thread_blocked, id=5400, stack(0x000000002ec80000,0x000000002ed80000)]
  0x000000002aac7800 JavaThread "WorkerExecutor Queue" [_thread_in_Java, id=1980, stack(0x000000002ea50000,0x000000002eb50000)]
  0x000000002aacc000 JavaThread "Cache worker for execution history cache (D:\Documents\Projects\FileTransfer\.gradle\5.4.1\executionHistory)" [_thread_blocked, id=15332, stack(0x000000002e070000,0x000000002e170000)]
  0x000000002aac6800 JavaThread "Execution worker for ':' Thread 3" [_thread_blocked, id=15680, stack(0x000000002dd10000,0x000000002de10000)]
  0x000000002aaca800 JavaThread "Execution worker for ':' Thread 2" [_thread_blocked, id=15380, stack(0x000000002dc10000,0x000000002dd10000)]
  0x000000002aabf000 JavaThread "Execution worker for ':'" [_thread_blocked, id=10408, stack(0x000000002db10000,0x000000002dc10000)]
  0x000000002aac6000 JavaThread "Cache worker for file content cache (D:\Documents\Projects\FileTransfer\.gradle\5.4.1\fileContent)" [_thread_blocked, id=15368, stack(0x000000002da10000,0x000000002db10000)]
  0x000000002aac0000 JavaThread "Cache worker for Build Output Cleanup Cache (D:\Documents\Projects\FileTransfer\.gradle\buildOutputCleanup)" [_thread_blocked, id=10108, stack(0x000000002d910000,0x000000002da10000)]
  0x000000002aabe800 JavaThread "Build operations Thread 4" [_thread_blocked, id=13324, stack(0x0000000028370000,0x0000000028470000)]
  0x000000002aac5000 JavaThread "Build operations Thread 3" [_thread_blocked, id=15052, stack(0x0000000027e70000,0x0000000027f70000)]
  0x000000002aac4800 JavaThread "Build operations Thread 2" [_thread_blocked, id=11784, stack(0x00000000269a0000,0x0000000026aa0000)]
  0x000000002aabd000 JavaThread "Build operations" [_thread_blocked, id=14956, stack(0x0000000026240000,0x0000000026340000)]
  0x000000002aac1800 JavaThread "Cache worker for cache directory md-rule (C:\Users\KIIT\.gradle\caches\5.4.1\md-rule)" [_thread_blocked, id=3556, stack(0x0000000026140000,0x0000000026240000)]
  0x000000002aac3000 JavaThread "Cache worker for cache directory md-supplier (C:\Users\KIIT\.gradle\caches\5.4.1\md-supplier)" [_thread_blocked, id=13040, stack(0x0000000025f40000,0x0000000026040000)]
  0x0000000019803800 JavaThread "Cache worker for file hash cache (D:\Documents\Projects\FileTransfer\.gradle\5.4.1\fileHashes)" [_thread_blocked, id=9060, stack(0x00000000253d0000,0x00000000254d0000)]
  0x0000000019805800 JavaThread "Thread-2029" [_thread_blocked, id=10700, stack(0x0000000024ad0000,0x0000000024bd0000)]
  0x0000000019805000 JavaThread "Stdin handler" [_thread_blocked, id=8972, stack(0x0000000022f60000,0x0000000023060000)]
  0x00000000197fc000 JavaThread "Asynchronous log dispatcher for DefaultDaemonConnection: socket connection from /127.0.0.1:60331 to /127.0.0.1:56077" [_thread_blocked, id=12472, stack(0x0000000021a90000,0x0000000021b90000)]
  0x0000000019802800 JavaThread "Daemon worker Thread 64" [_thread_blocked, id=16740, stack(0x000000001ac00000,0x000000001ad00000)]
  0x0000000019801000 JavaThread "Cancel handler" [_thread_blocked, id=4036, stack(0x000000001a900000,0x000000001aa00000)]
  0x0000000019800800 JavaThread "Handler for socket connection from /127.0.0.1:60331 to /127.0.0.1:56077" [_thread_in_native, id=2828, stack(0x000000001a800000,0x000000001a900000)]
  0x00000000197f8000 JavaThread "Daemon Thread 64" [_thread_blocked, id=15748, stack(0x0000000000cd0000,0x0000000000dd0000)]
  0x000000001c953800 JavaThread "Cache worker for Java compile cache (C:\Users\KIIT\.gradle\caches\5.4.1\javaCompile)" [_thread_blocked, id=4072, stack(0x0000000027d70000,0x0000000027e70000)]
  0x000000001d695000 JavaThread "Java2D Disposer" daemon [_thread_blocked, id=1488, stack(0x00000000270f0000,0x00000000271f0000)]
  0x0000000019802000 JavaThread "Cache worker for file content cache (C:\Users\KIIT\.gradle\caches\5.4.1\fileContent)" [_thread_blocked, id=15516, stack(0x0000000026040000,0x0000000026140000)]
  0x000000001d693800 JavaThread "Memory manager" [_thread_blocked, id=12000, stack(0x0000000023b40000,0x0000000023c40000)]
  0x00000000195c6800 JavaThread "Cache worker for execution history cache (C:\Users\KIIT\.gradle\caches\5.4.1\executionHistory)" [_thread_blocked, id=16152, stack(0x0000000020fb0000,0x00000000210b0000)]
  0x00000000195cc800 JavaThread "Cache worker for journal cache (C:\Users\KIIT\.gradle\caches\journal-1)" [_thread_blocked, id=3216, stack(0x000000001af00000,0x000000001b000000)]
  0x00000000195c8000 JavaThread "File lock request listener" [_thread_in_native, id=9144, stack(0x000000001ae00000,0x000000001af00000)]
  0x00000000195cb800 JavaThread "Cache worker for file hash cache (C:\Users\KIIT\.gradle\caches\5.4.1\fileHashes)" [_thread_blocked, id=12056, stack(0x000000001ad00000,0x000000001ae00000)]
  0x000000001923e800 JavaThread "Daemon periodic checks" [_thread_blocked, id=13744, stack(0x000000001a300000,0x000000001a400000)]
  0x000000001923a800 JavaThread "Incoming local TCP Connector on port 60331" [_thread_in_native, id=8772, stack(0x000000001a0c0000,0x000000001a1c0000)]
  0x0000000018def000 JavaThread "Daemon health stats" [_thread_blocked, id=12216, stack(0x0000000019a80000,0x0000000019b80000)]
  0x00000000163bd800 JavaThread "Service Thread" daemon [_thread_blocked, id=1176, stack(0x00000000180b0000,0x00000000181b0000)]
  0x000000001636d800 JavaThread "C1 CompilerThread2" daemon [_thread_blocked, id=2380, stack(0x0000000017bb0000,0x0000000017cb0000)]
  0x0000000016366800 JavaThread "C2 CompilerThread1" daemon [_thread_in_native, id=13104, stack(0x0000000017ab0000,0x0000000017bb0000)]
=>0x000000001635e000 JavaThread "C2 CompilerThread0" daemon [_thread_in_native, id=4296, stack(0x00000000179b0000,0x0000000017ab0000)]
  0x000000001635c000 JavaThread "Attach Listener" daemon [_thread_blocked, id=6388, stack(0x00000000178b0000,0x00000000179b0000)]
  0x000000001635a800 JavaThread "Signal Dispatcher" daemon [_thread_blocked, id=6536, stack(0x00000000177b0000,0x00000000178b0000)]
  0x00000000029eb800 JavaThread "Finalizer" daemon [_thread_blocked, id=15188, stack(0x00000000175b0000,0x00000000176b0000)]
  0x0000000016329000 JavaThread "Reference Handler" daemon [_thread_blocked, id=4024, stack(0x00000000174b0000,0x00000000175b0000)]
  0x00000000028f1000 JavaThread "main" [_thread_blocked, id=15928, stack(0x00000000027f0000,0x00000000028f0000)]

Other Threads:
  0x0000000016327000 VMThread [stack: 0x00000000173b0000,0x00000000174b0000] [id=12856]
  0x00000000163be800 WatcherThread [stack: 0x00000000181b0000,0x00000000182b0000] [id=7996]

VM state:not at safepoint (normal execution)

VM Mutex/Monitor currently owned by a thread: None

Heap:
 PSYoungGen      total 439808K, used 153693K [0x00000000e0000000, 0x00000000fff00000, 0x0000000100000000)
  eden space 355328K, 30% used [0x00000000e0000000,0x00000000e692f5f0,0x00000000f5b00000)
  from space 84480K, 54% used [0x00000000f5b00000,0x00000000f87e80b8,0x00000000fad80000)
  to   space 81408K, 0% used [0x00000000faf80000,0x00000000faf80000,0x00000000fff00000)
 ParOldGen       total 204288K, used 137838K [0x00000000a0000000, 0x00000000ac780000, 0x00000000e0000000)
  object space 204288K, 67% used [0x00000000a0000000,0x00000000a869bb48,0x00000000ac780000)
 Metaspace       used 176938K, capacity 188627K, committed 189056K, reserved 1214464K
  class space    used 22269K, capacity 24192K, committed 24448K, reserved 1048576K

Card table byte_map: [0x0000000011db0000,0x00000000120c0000] byte_map_base: 0x00000000118b0000

Marking Bits: (ParMarkBitMap*) 0x000000005e1ec720
 Begin Bits: [0x00000000126c0000, 0x0000000013ec0000)
 End Bits:   [0x0000000013ec0000, 0x00000000156c0000)

Polling page: 0x0000000000b70000

CodeCache: size=245760Kb used=131412Kb max_used=131439Kb free=114347Kb
 bounds [0x00000000029f0000, 0x000000000ab40000, 0x00000000119f0000]
 total_blobs=35187 nmethods=34188 adapters=905
 compilation: enabled

Compilation events (10 events):
Event: 40139.746 Thread 0x000000001635e000 nmethod 47173 0x000000000aaad0d0 code [0x000000000aaad220, 0x000000000aaad398]
Event: 40139.746 Thread 0x000000001635e000 47174       4       com.android.tools.r8.ir.analysis.g.e::a (167 bytes)
Event: 40139.748 Thread 0x000000001635e000 nmethod 47174 0x000000000aaacc90 code [0x000000000aaacde0, 0x000000000aaacf38]
Event: 40139.748 Thread 0x000000001635e000 47163       4       com.android.tools.r8.graph.w::h (42 bytes)
Event: 40139.754 Thread 0x000000001635e000 nmethod 47163 0x000000000aaac350 code [0x000000000aaac4e0, 0x000000000aaac710]
Event: 40139.754 Thread 0x000000001635e000 47181       4       com.android.tools.r8.ir.code.IRCode::b (1148 bytes)
Event: 40139.905 Thread 0x0000000016366800 nmethod 47175% 0x000000000ab172d0 code [0x000000000ab17ba0, 0x000000000ab1f6c8]
Event: 40139.905 Thread 0x0000000016366800 47169       4       com.android.tools.r8.ir.optimize.CodeRewriter::i (1031 bytes)
Event: 40140.020 Thread 0x000000001635e000 nmethod 47181 0x000000000ab2af10 code [0x000000000ab2b520, 0x000000000ab2ef68]
Event: 40140.020 Thread 0x000000001635e000 47140       4       com.android.tools.r8.ir.conversion.I::a (945 bytes)

GC Heap History (10 events):
Event: 34992.063 GC heap before
{Heap before GC invocations=118 (full 5):
 PSYoungGen      total 445952K, used 422192K [0x00000000e0000000, 0x0000000100000000, 0x0000000100000000)
  eden space 370688K, 100% used [0x00000000e0000000,0x00000000f6a00000,0x00000000f6a00000)
  from space 75264K, 68% used [0x00000000fb680000,0x00000000fe8cc140,0x0000000100000000)
  to   space 76800K, 0% used [0x00000000f6a00000,0x00000000f6a00000,0x00000000fb500000)
 ParOldGen       total 204288K, used 137814K [0x00000000a0000000, 0x00000000ac780000, 0x00000000e0000000)
  object space 204288K, 67% used [0x00000000a0000000,0x00000000a8695b48,0x00000000ac780000)
 Metaspace       used 176652K, capacity 188165K, committed 188544K, reserved 1214464K
  class space    used 22250K, capacity 24159K, committed 24448K, reserved 1048576K
Event: 34992.170 GC heap after
Heap after GC invocations=118 (full 5):
 PSYoungGen      total 447488K, used 47431K [0x00000000e0000000, 0x0000000100000000, 0x0000000100000000)
  eden space 370688K, 0% used [0x00000000e0000000,0x00000000e0000000,0x00000000f6a00000)
  from space 76800K, 61% used [0x00000000f6a00000,0x00000000f9851f00,0x00000000fb500000)
  to   space 76800K, 0% used [0x00000000fb500000,0x00000000fb500000,0x0000000100000000)
 ParOldGen       total 204288K, used 137822K [0x00000000a0000000, 0x00000000ac780000, 0x00000000e0000000)
  object space 204288K, 67% used [0x00000000a0000000,0x00000000a8697b48,0x00000000ac780000)
 Metaspace       used 176652K, capacity 188165K, committed 188544K, reserved 1214464K
  class space    used 22250K, capacity 24159K, committed 24448K, reserved 1048576K
}
Event: 35085.793 GC heap before
{Heap before GC invocations=119 (full 5):
 PSYoungGen      total 447488K, used 418119K [0x00000000e0000000, 0x0000000100000000, 0x0000000100000000)
  eden space 370688K, 100% used [0x00000000e0000000,0x00000000f6a00000,0x00000000f6a00000)
  from space 76800K, 61% used [0x00000000f6a00000,0x00000000f9851f00,0x00000000fb500000)
  to   space 76800K, 0% used [0x00000000fb500000,0x00000000fb500000,0x0000000100000000)
 ParOldGen       total 204288K, used 137822K [0x00000000a0000000, 0x00000000ac780000, 0x00000000e0000000)
  object space 204288K, 67% used [0x00000000a0000000,0x00000000a8697b48,0x00000000ac780000)
 Metaspace       used 176755K, capacity 188423K, committed 188800K, reserved 1214464K
  class space    used 22268K, capacity 24190K, committed 24448K, reserved 1048576K
Event: 35085.863 GC heap after
Heap after GC invocations=119 (full 5):
 PSYoungGen      total 446464K, used 47886K [0x00000000e0000000, 0x00000000fff00000, 0x0000000100000000)
  eden space 370688K, 0% used [0x00000000e0000000,0x00000000e0000000,0x00000000f6a00000)
  from space 75776K, 63% used [0x00000000fb500000,0x00000000fe3c3a70,0x00000000fff00000)
  to   space 76288K, 0% used [0x00000000f6a00000,0x00000000f6a00000,0x00000000fb480000)
 ParOldGen       total 204288K, used 137830K [0x00000000a0000000, 0x00000000ac780000, 0x00000000e0000000)
  object space 204288K, 67% used [0x00000000a0000000,0x00000000a8699b48,0x00000000ac780000)
 Metaspace       used 176755K, capacity 188423K, committed 188800K, reserved 1214464K
  class space    used 22268K, capacity 24190K, committed 24448K, reserved 1048576K
}
Event: 35556.595 GC heap before
{Heap before GC invocations=120 (full 5):
 PSYoungGen      total 446464K, used 418574K [0x00000000e0000000, 0x00000000fff00000, 0x0000000100000000)
  eden space 370688K, 100% used [0x00000000e0000000,0x00000000f6a00000,0x00000000f6a00000)
  from space 75776K, 63% used [0x00000000fb500000,0x00000000fe3c3a70,0x00000000fff00000)
  to   space 76288K, 0% used [0x00000000f6a00000,0x00000000f6a00000,0x00000000fb480000)
 ParOldGen       total 204288K, used 137830K [0x00000000a0000000, 0x00000000ac780000, 0x00000000e0000000)
  object space 204288K, 67% used [0x00000000a0000000,0x00000000a8699b48,0x00000000ac780000)
 Metaspace       used 176780K, capacity 188493K, committed 188800K, reserved 1214464K
  class space    used 22269K, capacity 24191K, committed 24448K, reserved 1048576K
Event: 35556.701 GC heap after
Heap after GC invocations=120 (full 5):
 PSYoungGen      total 429056K, used 58219K [0x00000000e0000000, 0x0000000100000000, 0x0000000100000000)
  eden space 370688K, 0% used [0x00000000e0000000,0x00000000e0000000,0x00000000f6a00000)
  from space 58368K, 99% used [0x00000000f6a00000,0x00000000fa2dafe0,0x00000000fa300000)
  to   space 79360K, 0% used [0x00000000fb280000,0x00000000fb280000,0x0000000100000000)
 ParOldGen       total 204288K, used 137838K [0x00000000a0000000, 0x00000000ac780000, 0x00000000e0000000)
  object space 204288K, 67% used [0x00000000a0000000,0x00000000a869bb48,0x00000000ac780000)
 Metaspace       used 176780K, capacity 188493K, committed 188800K, reserved 1214464K
  class space    used 22269K, capacity 24191K, committed 24448K, reserved 1048576K
}
Event: 36090.100 GC heap before
{Heap before GC invocations=121 (full 5):
 PSYoungGen      total 429056K, used 428907K [0x00000000e0000000, 0x0000000100000000, 0x0000000100000000)
  eden space 370688K, 100% used [0x00000000e0000000,0x00000000f6a00000,0x00000000f6a00000)
  from space 58368K, 99% used [0x00000000f6a00000,0x00000000fa2dafe0,0x00000000fa300000)
  to   space 79360K, 0% used [0x00000000fb280000,0x00000000fb280000,0x0000000100000000)
 ParOldGen       total 204288K, used 137838K [0x00000000a0000000, 0x00000000ac780000, 0x00000000e0000000)
  object space 204288K, 67% used [0x00000000a0000000,0x00000000a869bb48,0x00000000ac780000)
 Metaspace       used 176832K, capacity 188563K, committed 189056K, reserved 1214464K
  class space    used 22269K, capacity 24192K, committed 24448K, reserved 1048576K
Event: 36090.248 GC heap after
Heap after GC invocations=121 (full 5):
 PSYoungGen      total 434688K, used 65234K [0x00000000e0000000, 0x0000000100000000, 0x0000000100000000)
  eden space 355328K, 0% used [0x00000000e0000000,0x00000000e0000000,0x00000000f5b00000)
  from space 79360K, 82% used [0x00000000fb280000,0x00000000ff234a80,0x0000000100000000)
  to   space 84480K, 0% used [0x00000000f5b00000,0x00000000f5b00000,0x00000000fad80000)
 ParOldGen       total 204288K, used 137838K [0x00000000a0000000, 0x00000000ac780000, 0x00000000e0000000)
  object space 204288K, 67% used [0x00000000a0000000,0x00000000a869bb48,0x00000000ac780000)
 Metaspace       used 176832K, capacity 188563K, committed 189056K, reserved 1214464K
  class space    used 22269K, capacity 24192K, committed 24448K, reserved 1048576K
}
Event: 40132.030 GC heap before
{Heap before GC invocations=122 (full 5):
 PSYoungGen      total 434688K, used 420562K [0x00000000e0000000, 0x0000000100000000, 0x0000000100000000)
  eden space 355328K, 100% used [0x00000000e0000000,0x00000000f5b00000,0x00000000f5b00000)
  from space 79360K, 82% used [0x00000000fb280000,0x00000000ff234a80,0x0000000100000000)
  to   space 84480K, 0% used [0x00000000f5b00000,0x00000000f5b00000,0x00000000fad80000)
 ParOldGen       total 204288K, used 137838K [0x00000000a0000000, 0x00000000ac780000, 0x00000000e0000000)
  object space 204288K, 67% used [0x00000000a0000000,0x00000000a869bb48,0x00000000ac780000)
 Metaspace       used 176868K, capacity 188563K, committed 189056K, reserved 1214464K
  class space    used 22269K, capacity 24192K, committed 24448K, reserved 1048576K
Event: 40132.600 GC heap after
Heap after GC invocations=122 (full 5):
 PSYoungGen      total 439808K, used 45984K [0x00000000e0000000, 0x00000000fff00000, 0x0000000100000000)
  eden space 355328K, 0% used [0x00000000e0000000,0x00000000e0000000,0x00000000f5b00000)
  from space 84480K, 54% used [0x00000000f5b00000,0x00000000f87e80b8,0x00000000fad80000)
  to   space 81408K, 0% used [0x00000000faf80000,0x00000000faf80000,0x00000000fff00000)
 ParOldGen       total 204288K, used 137838K [0x00000000a0000000, 0x00000000ac780000, 0x00000000e0000000)
  object space 204288K, 67% used [0x00000000a0000000,0x00000000a869bb48,0x00000000ac780000)
 Metaspace       used 176868K, capacity 188563K, committed 189056K, reserved 1214464K
  class space    used 22269K, capacity 24192K, committed 24448K, reserved 1048576K
}

Deoptimization events (10 events):
Event: 40135.663 Thread 0x0000000019802800 Uncommon trap: reason=unstable_if action=reinterpret pc=0x00000000058f3460 method=com.sun.tools.javac.code.Symbol$VarSymbol.getKind()Ljavax/lang/model/element/ElementKind; @ 37
Event: 40135.667 Thread 0x0000000019802800 Uncommon trap: reason=unstable_if action=reinterpret pc=0x00000000081fee30 method=com.sun.tools.javac.jvm.ClassWriter.adjustFlags(J)I @ 36
Event: 40135.668 Thread 0x0000000019802800 Uncommon trap: reason=unstable_if action=reinterpret pc=0x0000000008801724 method=com.sun.tools.javac.jvm.ClassWriter.writeFlagAttrs(J)I @ 41
Event: 40135.671 Thread 0x0000000019802800 Uncommon trap: reason=speculate_class_check action=maybe_recompile pc=0x0000000008f90460 method=com.sun.tools.javac.code.Type.hasTag(Lcom/sun/tools/javac/code/TypeTag;)Z @ 2
Event: 40135.678 Thread 0x0000000019802800 Uncommon trap: reason=unstable_if action=reinterpret pc=0x00000000078e8aac method=com.sun.tools.javac.jvm.Pool.put(Ljava/lang/Object;)I @ 80
Event: 40135.692 Thread 0x0000000019802800 Uncommon trap: reason=unstable_if action=reinterpret pc=0x0000000008f919b0 method=com.sun.tools.javac.jvm.ClassWriter.writePool(Lcom/sun/tools/javac/jvm/Pool;)V @ 679
Event: 40138.122 Thread 0x000000002aac7800 Uncommon trap: reason=unstable_if action=reinterpret pc=0x000000000a5f1e24 method=com.android.tools.r8.ir.conversion.N.traceInstruction(ILcom/android/tools/r8/ir/conversion/IRBuilder;)I @ 193
Event: 40138.801 Thread 0x000000002aac7800 Uncommon trap: reason=array_check action=maybe_recompile pc=0x0000000009a40480 method=java.util.TimSort.mergeLo(IIII)V @ 468
Event: 40138.803 Thread 0x000000002aac7800 Uncommon trap: reason=array_check action=maybe_recompile pc=0x0000000009a40598 method=java.util.TimSort.mergeLo(IIII)V @ 133
Event: 40138.803 Thread 0x000000002aac7800 Uncommon trap: reason=array_check action=maybe_recompile pc=0x0000000009a40598 method=java.util.TimSort.mergeLo(IIII)V @ 133

Internal exceptions (10 events):
Event: 40139.143 Thread 0x000000002aac7800 Exception <a 'sun/nio/fs/WindowsException'> (0x00000000e65ab710) thrown at [C:\re\workspace\8-2-build-windows-amd64-cygwin\jdk8u131\8869\hotspot\src\share\vm\prims\jni.cpp, line 709]
Event: 40139.246 Thread 0x0000000020673800 Exception <a 'sun/nio/fs/WindowsException'> (0x00000000e66d0720) thrown at [C:\re\workspace\8-2-build-windows-amd64-cygwin\jdk8u131\8869\hotspot\src\share\vm\prims\jni.cpp, line 709]
Event: 40139.454 Thread 0x0000000020673800 Exception <a 'sun/nio/fs/WindowsException'> (0x00000000e66d8a58) thrown at [C:\re\workspace\8-2-build-windows-amd64-cygwin\jdk8u131\8869\hotspot\src\share\vm\prims\jni.cpp, line 709]
Event: 40139.457 Thread 0x000000002aac7800 Exception <a 'sun/nio/fs/WindowsException'> (0x00000000e65b17e8) thrown at [C:\re\workspace\8-2-build-windows-amd64-cygwin\jdk8u131\8869\hotspot\src\share\vm\prims\jni.cpp, line 709]
Event: 40139.463 Thread 0x000000002aac7800 Exception <a 'sun/nio/fs/WindowsException'> (0x00000000e65cd4f0) thrown at [C:\re\workspace\8-2-build-windows-amd64-cygwin\jdk8u131\8869\hotspot\src\share\vm\prims\jni.cpp, line 709]
Event: 40139.670 Thread 0x000000002aac7800 Exception <a 'sun/nio/fs/WindowsException'> (0x00000000e67f2260) thrown at [C:\re\workspace\8-2-build-windows-amd64-cygwin\jdk8u131\8869\hotspot\src\share\vm\prims\jni.cpp, line 709]
Event: 40139.672 Thread 0x0000000020673800 Exception <a 'sun/nio/fs/WindowsException'> (0x00000000e66deb58) thrown at [C:\re\workspace\8-2-build-windows-amd64-cygwin\jdk8u131\8869\hotspot\src\share\vm\prims\jni.cpp, line 709]
Event: 40139.673 Thread 0x000000002aac7800 Exception <a 'sun/nio/fs/WindowsException'> (0x00000000e67f82b8) thrown at [C:\re\workspace\8-2-build-windows-amd64-cygwin\jdk8u131\8869\hotspot\src\share\vm\prims\jni.cpp, line 709]
Event: 40140.245 Thread 0x0000000020673800 Exception <a 'sun/nio/fs/WindowsException'> (0x00000000e66e4d38) thrown at [C:\re\workspace\8-2-build-windows-amd64-cygwin\jdk8u131\8869\hotspot\src\share\vm\prims\jni.cpp, line 709]
Event: 40140.251 Thread 0x000000002aac7800 Exception <a 'sun/nio/fs/WindowsException'> (0x00000000e682c0d0) thrown at [C:\re\workspace\8-2-build-windows-amd64-cygwin\jdk8u131\8869\hotspot\src\share\vm\prims\jni.cpp, line 709]

Events (10 events):
Event: 40138.686 Thread 0x000000002aac7800 DEOPT UNPACKING pc=0x0000000002a3787f sp=0x000000002eb4d678 mode 0
Event: 40138.801 Thread 0x000000002aac7800 Uncommon trap: trap_request=0xffffffd6 fr.pc=0x0000000009a40480
Event: 40138.801 Thread 0x000000002aac7800 DEOPT PACKING pc=0x0000000009a40480 sp=0x000000002eb4e3f0
Event: 40138.802 Thread 0x000000002aac7800 DEOPT UNPACKING pc=0x0000000002a3582a sp=0x000000002eb4e3d8 mode 2
Event: 40138.803 Thread 0x000000002aac7800 Uncommon trap: trap_request=0xffffffd6 fr.pc=0x0000000009a40598
Event: 40138.803 Thread 0x000000002aac7800 DEOPT PACKING pc=0x0000000009a40598 sp=0x000000002eb4e3f0
Event: 40138.803 Thread 0x000000002aac7800 DEOPT UNPACKING pc=0x0000000002a3582a sp=0x000000002eb4e3d8 mode 2
Event: 40138.803 Thread 0x000000002aac7800 Uncommon trap: trap_request=0xffffffd6 fr.pc=0x0000000009a40598
Event: 40138.803 Thread 0x000000002aac7800 DEOPT PACKING pc=0x0000000009a40598 sp=0x000000002eb4e3f0
Event: 40138.803 Thread 0x000000002aac7800 DEOPT UNPACKING pc=0x0000000002a3582a sp=0x000000002eb4e3d8 mode 2


Dynamic libraries:
0x00007ff7e8490000 - 0x00007ff7e84c7000 	C:\Program Files\Java\jdk1.8.0_131\bin\java.exe
0x00007ffbf97c0000 - 0x00007ffbf99b0000 	C:\WINDOWS\SYSTEM32\ntdll.dll
0x00007ffbf8f40000 - 0x00007ffbf8ff2000 	C:\WINDOWS\System32\KERNEL32.DLL
0x00007ffbf6ce0000 - 0x00007ffbf6f83000 	C:\WINDOWS\System32\KERNELBASE.dll
0x000000005f620000 - 0x000000005f6b5000 	C:\WINDOWS\System32\SYSFER.DLL
0x00007ffbf7ea0000 - 0x00007ffbf7f43000 	C:\WINDOWS\System32\ADVAPI32.dll
0x00007ffbf7870000 - 0x00007ffbf790e000 	C:\WINDOWS\System32\msvcrt.dll
0x00007ffbf7b30000 - 0x00007ffbf7bc7000 	C:\WINDOWS\System32\sechost.dll
0x00007ffbf7f60000 - 0x00007ffbf8080000 	C:\WINDOWS\System32\RPCRT4.dll
0x00007ffbf7910000 - 0x00007ffbf7aa4000 	C:\WINDOWS\System32\USER32.dll
0x00007ffbf6920000 - 0x00007ffbf6941000 	C:\WINDOWS\System32\win32u.dll
0x00007ffbf95c0000 - 0x00007ffbf95e6000 	C:\WINDOWS\System32\GDI32.dll
0x00007ffbf69a0000 - 0x00007ffbf6b34000 	C:\WINDOWS\System32\gdi32full.dll
0x00007ffbf6c40000 - 0x00007ffbf6cde000 	C:\WINDOWS\System32\msvcp_win.dll
0x00007ffbf6b40000 - 0x00007ffbf6c3a000 	C:\WINDOWS\System32\ucrtbase.dll
0x00007ffbdccb0000 - 0x00007ffbdcf35000 	C:\WINDOWS\WinSxS\amd64_microsoft.windows.common-controls_6595b64144ccf1df_6.0.18362.535_none_e6c3b34713100821\COMCTL32.dll
0x00007ffbf91b0000 - 0x00007ffbf94e6000 	C:\WINDOWS\System32\combase.dll
0x00007ffbf6750000 - 0x00007ffbf67d0000 	C:\WINDOWS\System32\bcryptPrimitives.dll
0x00007ffbf95f0000 - 0x00007ffbf961e000 	C:\WINDOWS\System32\IMM32.DLL
0x000000005e430000 - 0x000000005e502000 	C:\Program Files\Java\jdk1.8.0_131\jre\bin\msvcr100.dll
0x000000005d9d0000 - 0x000000005e26c000 	C:\Program Files\Java\jdk1.8.0_131\jre\bin\server\jvm.dll
0x00007ffbf7f50000 - 0x00007ffbf7f58000 	C:\WINDOWS\System32\PSAPI.DLL
0x00007ffbe0060000 - 0x00007ffbe0069000 	C:\WINDOWS\SYSTEM32\WSOCK32.dll
0x00007ffbf7e30000 - 0x00007ffbf7e9f000 	C:\WINDOWS\System32\WS2_32.dll
0x00007ffbeba50000 - 0x00007ffbeba74000 	C:\WINDOWS\SYSTEM32\WINMM.dll
0x00007ffbf02e0000 - 0x00007ffbf02ea000 	C:\WINDOWS\SYSTEM32\VERSION.dll
0x00007ffbeba00000 - 0x00007ffbeba2d000 	C:\WINDOWS\SYSTEM32\WINMMBASE.dll
0x00007ffbf6950000 - 0x00007ffbf699a000 	C:\WINDOWS\System32\cfgmgr32.dll
0x000000005f0e0000 - 0x000000005f0ef000 	C:\Program Files\Java\jdk1.8.0_131\jre\bin\verify.dll
0x000000005f0b0000 - 0x000000005f0d9000 	C:\Program Files\Java\jdk1.8.0_131\jre\bin\java.dll
0x000000005e410000 - 0x000000005e426000 	C:\Program Files\Java\jdk1.8.0_131\jre\bin\zip.dll
0x00007ffbf8080000 - 0x00007ffbf8765000 	C:\WINDOWS\System32\SHELL32.dll
0x00007ffbf88a0000 - 0x00007ffbf8949000 	C:\WINDOWS\System32\shcore.dll
0x00007ffbf6ff0000 - 0x00007ffbf776f000 	C:\WINDOWS\System32\windows.storage.dll
0x00007ffbf66e0000 - 0x00007ffbf66ff000 	C:\WINDOWS\System32\profapi.dll
0x00007ffbf6700000 - 0x00007ffbf674a000 	C:\WINDOWS\System32\powrprof.dll
0x00007ffbf6690000 - 0x00007ffbf66a0000 	C:\WINDOWS\System32\UMPDC.dll
0x00007ffbf8770000 - 0x00007ffbf87c2000 	C:\WINDOWS\System32\shlwapi.dll
0x00007ffbf66c0000 - 0x00007ffbf66d1000 	C:\WINDOWS\System32\kernel.appcore.dll
0x00007ffbf7820000 - 0x00007ffbf7837000 	C:\WINDOWS\System32\cryptsp.dll
0x000000005e3f0000 - 0x000000005e40a000 	C:\Program Files\Java\jdk1.8.0_131\jre\bin\net.dll
0x00007ffbf5ea0000 - 0x00007ffbf5f07000 	C:\WINDOWS\system32\mswsock.dll
0x000000005e3d0000 - 0x000000005e3e1000 	C:\Program Files\Java\jdk1.8.0_131\jre\bin\nio.dll
0x00007ffbe92d0000 - 0x00007ffbe92f6000 	C:\Users\KIIT\.gradle\native\29\windows-amd64\native-platform.dll
0x000000005e3c0000 - 0x000000005e3cd000 	C:\Program Files\Java\jdk1.8.0_131\jre\bin\management.dll
0x00007ffbf5a10000 - 0x00007ffbf5a43000 	C:\WINDOWS\system32\rsaenh.dll
0x00007ffbf7840000 - 0x00007ffbf7866000 	C:\WINDOWS\System32\bcrypt.dll
0x00007ffbf65b0000 - 0x00007ffbf65d5000 	C:\WINDOWS\SYSTEM32\USERENV.dll
0x00007ffbf6070000 - 0x00007ffbf607c000 	C:\WINDOWS\SYSTEM32\CRYPTBASE.dll
0x00007ffbf5bb0000 - 0x00007ffbf5bea000 	C:\WINDOWS\SYSTEM32\IPHLPAPI.DLL
0x00007ffbf7c60000 - 0x00007ffbf7c68000 	C:\WINDOWS\System32\NSI.dll
0x00007ffbf4fb0000 - 0x00007ffbf4fc6000 	C:\WINDOWS\SYSTEM32\dhcpcsvc6.DLL
0x00007ffbf4f90000 - 0x00007ffbf4fac000 	C:\WINDOWS\SYSTEM32\dhcpcsvc.DLL
0x00007ffbf5c00000 - 0x00007ffbf5cca000 	C:\WINDOWS\SYSTEM32\DNSAPI.dll
0x000000005e390000 - 0x000000005e3b4000 	C:\Program Files\Java\jdk1.8.0_131\jre\bin\sunec.dll
0x00007ffbeac70000 - 0x00007ffbeac7a000 	C:\Windows\System32\rasadhlp.dll
0x00007ffbf4880000 - 0x00007ffbf48f7000 	C:\WINDOWS\System32\fwpuclnt.dll
0x000000005e380000 - 0x000000005e38b000 	C:\Program Files\Java\jdk1.8.0_131\jre\bin\sunmscapi.dll
0x00007ffbf67d0000 - 0x00007ffbf6919000 	C:\WINDOWS\System32\CRYPT32.dll
0x00007ffbf66a0000 - 0x00007ffbf66b2000 	C:\WINDOWS\System32\MSASN1.dll
0x000000005d230000 - 0x000000005d3c8000 	C:\Program Files\Java\jdk1.8.0_131\jre\bin\awt.dll
0x00007ffbf87d0000 - 0x00007ffbf8894000 	C:\WINDOWS\System32\OLEAUT32.dll
0x00007ffbf4550000 - 0x00007ffbf45df000 	C:\WINDOWS\SYSTEM32\apphelp.dll
0x00007ffbf4c30000 - 0x00007ffbf4c5d000 	C:\WINDOWS\system32\DWMAPI.DLL
0x00007ffbf4900000 - 0x00007ffbf4999000 	C:\WINDOWS\system32\uxtheme.dll
0x000000005e350000 - 0x000000005e37a000 	C:\Program Files\Java\jdk1.8.0_131\jre\bin\dcpr.dll

VM Arguments:
jvm_args: -Xmx1536m -Dfile.encoding=windows-1252 -Duser.country=IN -Duser.language=en -Duser.variant 
java_command: org.gradle.launcher.daemon.bootstrap.GradleDaemon 5.4.1
java_class_path (initial): C:\Users\KIIT\.gradle\wrapper\dists\gradle-5.4.1-all\3221gyojl5jsh0helicew7rwx\gradle-5.4.1\lib\gradle-launcher-5.4.1.jar
Launcher Type: SUN_STANDARD

Environment Variables:
JAVA_HOME=C:\Program Files\Java\jdk1.8.0_131\bin
PATH=C:\Program Files (x86)\Common Files\Oracle\Java\javapath;C:\Program Files\Python36\Scripts\;C:\Program Files\Python36\;C:\ProgramData\Oracle\Java\javapath;C:\WINDOWS\system32;C:\WINDOWS;C:\WINDOWS\System32\Wbem;C:\WINDOWS\System32\WindowsPowerShell\v1.0\;C:\Android;C:\Windows\System32;C:\WINDOWS\System32\OpenSSH\;%JAVA_HOME%\bin;C:\Program Files\Java\jdk1.8.0_131\bin;C:\Program Files\Intel\WiFi\bin\;C:\Program Files\Common Files\Intel\WirelessCommon\;C:\Program Files\Git\cmd;C:\Program Files (x86)\Intel\Intel(R) Management Engine Components\DAL;C:\Program Files\Intel\Intel(R) Management Engine Components\DAL;C:\Program Files\Intel\WiFi\bin\;C:\Program Files\Common Files\Intel\WirelessCommon\;C:\Users\KIIT\AppData\Local\Microsoft\WindowsApps;C:\Users\KIIT\AppData\Local\GitHubDesktop\bin
USERNAME=KIIT
OS=Windows_NT
PROCESSOR_IDENTIFIER=Intel64 Family 6 Model 142 Stepping 9, GenuineIntel



---------------  S Y S T E M  ---------------

OS: Windows 10.0 , 64 bit Build 18362 (10.0.18362.329)

CPU:total 4 (initial active 4) (2 cores per cpu, 2 threads per core) family 6 model 142 stepping 9, cmov, cx8, fxsr, mmx, sse, sse2, sse3, ssse3, sse4.1, sse4.2, popcnt, avx, avx2, aes, clmul, erms, 3dnowpref, lzcnt, ht, tsc, tscinvbit, bmi1, bmi2, adx

Memory: 4k page, physical 8258212k(591504k free), swap 14926500k(5536k free)

vm_info: Java HotSpot(TM) 64-Bit Server VM (25.131-b11) for windows-amd64 JRE (1.8.0_131-b11), built on Mar 15 2017 01:23:53 by "java_re" with MS VC++ 10.0 (VS2010)

time: Fri Dec 20 01:50:03 2019
elapsed time: 40140 seconds (0d 11h 9m 0s)

